<?xml version="1.0" encoding="UTF-8"?>
<testsuite xmlns:xsi="http://www.w3.org/2001/XMLSchema-instance" xsi:noNamespaceSchemaLocation="https://maven.apache.org/surefire/maven-surefire-plugin/xsd/surefire-test-report-3.0.xsd" version="3.0" name="TestSuite" time="12.812" tests="5" errors="0" skipped="0" failures="0">
  <properties>
    <property name="sun.desktop" value="windows"/>
    <property name="awt.toolkit" value="sun.awt.windows.WToolkit"/>
    <property name="java.specification.version" value="11"/>
    <property name="sun.cpu.isalist" value="amd64"/>
    <property name="sun.jnu.encoding" value="Cp1252"/>
    <property name="java.class.path" value="C:\API PROJECT\First\target\test-classes;C:\API PROJECT\First\target\classes;C:\Users\abrar.badai\.m2\repository\io\rest-assured\rest-assured\5.3.0\rest-assured-5.3.0.jar;C:\Users\abrar.badai\.m2\repository\org\apache\groovy\groovy\4.0.6\groovy-4.0.6.jar;C:\Users\abrar.badai\.m2\repository\org\apache\groovy\groovy-xml\4.0.6\groovy-xml-4.0.6.jar;C:\Users\abrar.badai\.m2\repository\org\apache\httpcomponents\httpclient\4.5.13\httpclient-4.5.13.jar;C:\Users\abrar.badai\.m2\repository\org\apache\httpcomponents\httpcore\4.4.13\httpcore-4.4.13.jar;C:\Users\abrar.badai\.m2\repository\commons-logging\commons-logging\1.2\commons-logging-1.2.jar;C:\Users\abrar.badai\.m2\repository\commons-codec\commons-codec\1.11\commons-codec-1.11.jar;C:\Users\abrar.badai\.m2\repository\org\apache\httpcomponents\httpmime\4.5.13\httpmime-4.5.13.jar;C:\Users\abrar.badai\.m2\repository\org\hamcrest\hamcrest\2.1\hamcrest-2.1.jar;C:\Users\abrar.badai\.m2\repository\org\ccil\cowan\tagsoup\tagsoup\1.2.1\tagsoup-1.2.1.jar;C:\Users\abrar.badai\.m2\repository\io\rest-assured\json-path\5.3.0\json-path-5.3.0.jar;C:\Users\abrar.badai\.m2\repository\org\apache\groovy\groovy-json\4.0.6\groovy-json-4.0.6.jar;C:\Users\abrar.badai\.m2\repository\com\googlecode\json-simple\json-simple\1.1.1\json-simple-1.1.1.jar;C:\Users\abrar.badai\.m2\repository\junit\junit\4.10\junit-4.10.jar;C:\Users\abrar.badai\.m2\repository\org\hamcrest\hamcrest-core\1.1\hamcrest-core-1.1.jar;C:\Users\abrar.badai\.m2\repository\org\testng\testng\7.7.1\testng-7.7.1.jar;C:\Users\abrar.badai\.m2\repository\org\slf4j\slf4j-api\1.7.36\slf4j-api-1.7.36.jar;C:\Users\abrar.badai\.m2\repository\com\beust\jcommander\1.82\jcommander-1.82.jar;C:\Users\abrar.badai\.m2\repository\org\webjars\jquery\3.6.1\jquery-3.6.1.jar;C:\Users\abrar.badai\.m2\repository\io\rest-assured\xml-path\5.3.0\xml-path-5.3.0.jar;C:\Users\abrar.badai\.m2\repository\io\rest-assured\rest-assured-common\5.3.0\rest-assured-common-5.3.0.jar;C:\Users\abrar.badai\.m2\repository\org\apache\commons\commons-lang3\3.11\commons-lang3-3.11.jar;"/>
    <property name="java.vm.vendor" value="Oracle Corporation"/>
    <property name="sun.arch.data.model" value="64"/>
    <property name="user.variant" value=""/>
    <property name="java.vendor.url" value="https://openjdk.java.net/"/>
    <property name="user.timezone" value="Asia/Calcutta"/>
    <property name="java.vm.specification.version" value="11"/>
    <property name="os.name" value="Windows 10"/>
    <property name="sun.java.launcher" value="SUN_STANDARD"/>
    <property name="user.country" value="US"/>
    <property name="sun.boot.library.path" value="C:\Program Files\Java\jdk-11.0.10\bin"/>
    <property name="sun.java.command" value="C:\Users\abrar.badai\AppData\Local\Temp\surefire13797246848714819657\surefirebooter-20230118134101242_3.jar C:\Users\abrar.badai\AppData\Local\Temp\surefire13797246848714819657 2023-01-18T13-41-00_757-jvmRun1 surefire-20230118134101242_1tmp surefire_0-20230118134101242_2tmp"/>
    <property name="jdk.debug" value="release"/>
    <property name="surefire.test.class.path" value="C:\API PROJECT\First\target\test-classes;C:\API PROJECT\First\target\classes;C:\Users\abrar.badai\.m2\repository\io\rest-assured\rest-assured\5.3.0\rest-assured-5.3.0.jar;C:\Users\abrar.badai\.m2\repository\org\apache\groovy\groovy\4.0.6\groovy-4.0.6.jar;C:\Users\abrar.badai\.m2\repository\org\apache\groovy\groovy-xml\4.0.6\groovy-xml-4.0.6.jar;C:\Users\abrar.badai\.m2\repository\org\apache\httpcomponents\httpclient\4.5.13\httpclient-4.5.13.jar;C:\Users\abrar.badai\.m2\repository\org\apache\httpcomponents\httpcore\4.4.13\httpcore-4.4.13.jar;C:\Users\abrar.badai\.m2\repository\commons-logging\commons-logging\1.2\commons-logging-1.2.jar;C:\Users\abrar.badai\.m2\repository\commons-codec\commons-codec\1.11\commons-codec-1.11.jar;C:\Users\abrar.badai\.m2\repository\org\apache\httpcomponents\httpmime\4.5.13\httpmime-4.5.13.jar;C:\Users\abrar.badai\.m2\repository\org\hamcrest\hamcrest\2.1\hamcrest-2.1.jar;C:\Users\abrar.badai\.m2\repository\org\ccil\cowan\tagsoup\tagsoup\1.2.1\tagsoup-1.2.1.jar;C:\Users\abrar.badai\.m2\repository\io\rest-assured\json-path\5.3.0\json-path-5.3.0.jar;C:\Users\abrar.badai\.m2\repository\org\apache\groovy\groovy-json\4.0.6\groovy-json-4.0.6.jar;C:\Users\abrar.badai\.m2\repository\com\googlecode\json-simple\json-simple\1.1.1\json-simple-1.1.1.jar;C:\Users\abrar.badai\.m2\repository\junit\junit\4.10\junit-4.10.jar;C:\Users\abrar.badai\.m2\repository\org\hamcrest\hamcrest-core\1.1\hamcrest-core-1.1.jar;C:\Users\abrar.badai\.m2\repository\org\testng\testng\7.7.1\testng-7.7.1.jar;C:\Users\abrar.badai\.m2\repository\org\slf4j\slf4j-api\1.7.36\slf4j-api-1.7.36.jar;C:\Users\abrar.badai\.m2\repository\com\beust\jcommander\1.82\jcommander-1.82.jar;C:\Users\abrar.badai\.m2\repository\org\webjars\jquery\3.6.1\jquery-3.6.1.jar;C:\Users\abrar.badai\.m2\repository\io\rest-assured\xml-path\5.3.0\xml-path-5.3.0.jar;C:\Users\abrar.badai\.m2\repository\io\rest-assured\rest-assured-common\5.3.0\rest-assured-common-5.3.0.jar;C:\Users\abrar.badai\.m2\repository\org\apache\commons\commons-lang3\3.11\commons-lang3-3.11.jar;"/>
    <property name="sun.cpu.endian" value="little"/>
    <property name="user.home" value="C:\Users\abrar.badai"/>
    <property name="user.language" value="en"/>
    <property name="java.specification.vendor" value="Oracle Corporation"/>
    <property name="java.version.date" value="2021-01-19"/>
    <property name="java.home" value="C:\Program Files\Java\jdk-11.0.10"/>
    <property name="file.separator" value="\"/>
    <property name="basedir" value="C:\API PROJECT\First"/>
    <property name="java.vm.compressedOopsMode" value="Zero based"/>
    <property name="line.separator" value="&#10;"/>
    <property name="java.specification.name" value="Java Platform API Specification"/>
    <property name="java.vm.specification.vendor" value="Oracle Corporation"/>
    <property name="java.awt.graphicsenv" value="sun.awt.Win32GraphicsEnvironment"/>
    <property name="surefire.real.class.path" value="C:\Users\abrar.badai\AppData\Local\Temp\surefire13797246848714819657\surefirebooter-20230118134101242_3.jar"/>
    <property name="user.script" value=""/>
    <property name="sun.management.compiler" value="HotSpot 64-Bit Tiered Compilers"/>
    <property name="java.runtime.version" value="11.0.10+8-LTS-162"/>
    <property name="user.name" value="abrar.badai"/>
    <property name="path.separator" value=";"/>
    <property name="os.version" value="10.0"/>
    <property name="java.runtime.name" value="Java(TM) SE Runtime Environment"/>
    <property name="file.encoding" value="Cp1252"/>
    <property name="java.vm.name" value="Java HotSpot(TM) 64-Bit Server VM"/>
    <property name="java.vendor.version" value="18.9"/>
    <property name="localRepository" value="C:\Users\abrar.badai\.m2\repository"/>
    <property name="java.vendor.url.bug" value="https://bugreport.java.com/bugreport/"/>
    <property name="java.io.tmpdir" value="C:\Users\ABRAR~1.BAD\AppData\Local\Temp\"/>
    <property name="java.version" value="11.0.10"/>
    <property name="user.dir" value="C:\API PROJECT\First"/>
    <property name="os.arch" value="amd64"/>
    <property name="java.vm.specification.name" value="Java Virtual Machine Specification"/>
    <property name="java.awt.printerjob" value="sun.awt.windows.WPrinterJob"/>
    <property name="sun.os.patch.level" value=""/>
    <property name="java.library.path" value="C:\Program Files\Java\jdk-11.0.10\bin;C:\Windows\Sun\Java\bin;C:\Windows\system32;C:\Windows;C:\Program Files\Java\jdk-11.0.10/bin;C:\Program Files\Java\jdk-11.0.10/bin;C:\Python311\Scripts\;C:\Python311\;C:\Program Files\Common Files\Oracle\Java\javapath;C:\Program Files (x86)\Common Files\Oracle\Java\javapath;C:\Windows\system32;C:\Windows;C:\Windows\System32\Wbem;C:\Windows\System32\WindowsPowerShell\v1.0\;C:\Windows\System32\OpenSSH\;C:\Program Files\Java\jdk-11.0.10;C:\Program Files\nodejs\;C:\ProgramData\chocolatey\bin;C:\Applications\apache-maven-3.8.7-bin\apache-maven-3.8.7\bin;C:\Program Files\Intel\WiFi\bin\;C:\Program Files\Common Files\Intel\WirelessCommon\;C:\Applications\GIT\Git\cmd;C:\Users\abrar.badai\AppData\Local\Microsoft\WindowsApps;C:\Program Files\Java\jre1.8.0_281\;C:\Users\abrar.badai\AppData\Roaming\npm;."/>
    <property name="java.vendor" value="Oracle Corporation"/>
    <property name="java.vm.info" value="mixed mode"/>
    <property name="java.vm.version" value="11.0.10+8-LTS-162"/>
    <property name="sun.io.unicode.encoding" value="UnicodeLittle"/>
    <property name="java.class.version" value="55.0"/>
  </properties>
  <testcase name="test_delete" classname="Pack1.Sample" time="3.564">
    <system-err><![CDATA[SLF4J: Failed to load class "org.slf4j.impl.StaticLoggerBinder".
SLF4J: Defaulting to no-operation (NOP) logger implementation
SLF4J: See http://www.slf4j.org/codes.html#StaticLoggerBinder for further details.
]]></system-err>
  </testcase>
  <testcase name="test_get" classname="Pack1.Sample" time="2.129">
    <system-out><![CDATA[HTTP/1.1 200 OK
X-Powered-By: Express
Vary: Origin, Accept-Encoding
Access-Control-Allow-Credentials: true
Cache-Control: no-cache
Pragma: no-cache
Expires: -1
X-Content-Type-Options: nosniff
Content-Type: application/json; charset=utf-8
Content-Length: 312
ETag: W/"138-4nGfpvBUiP5YB9/VpRm/5xobRUw"
Date: Wed, 18 Jan 2023 08:11:07 GMT
Connection: keep-alive
Keep-Alive: timeout=5

[
    {
        "id": 1,
        "Name": "Automation"
    },
    {
        "id": 3,
        "Name": "Fullstack"
    },
    {
        "id": 4,
        "Name": "Manual"
    },
    {
        "id": 5,
        "Name": "Database"
    },
    {
        "id": 6,
        "Name": "Frontend"
    },
    {
        "id": 7,
        "Name": "Backend"
    },
    {
        "id": 8,
        "Name": "Api"
    }
]
]]></system-out>
  </testcase>
  <testcase name="test_patch" classname="Pack1.Sample" time="2.114">
    <system-out><![CDATA[HTTP/1.1 200 OK
X-Powered-By: Express
Vary: Origin, Accept-Encoding
Access-Control-Allow-Credentials: true
Cache-Control: no-cache
Pragma: no-cache
Expires: -1
X-Content-Type-Options: nosniff
Content-Type: application/json; charset=utf-8
Content-Length: 77
ETag: W/"4d-fqp652OpNcQnZ1VMO9fjKVQEUwg"
Date: Wed, 18 Jan 2023 08:11:10 GMT
Connection: keep-alive
Keep-Alive: timeout=5

{
    "FirstName": "Abrar",
    "LastName": "Khan",
    "SubjectId": 1,
    "id": 1
}
]]></system-out>
  </testcase>
  <testcase name="test_post" classname="Pack1.Sample" time="2.107">
    <system-out><![CDATA[HTTP/1.1 201 Created
X-Powered-By: Express
Vary: Origin, X-HTTP-Method-Override, Accept-Encoding
Access-Control-Allow-Credentials: true
Cache-Control: no-cache
Pragma: no-cache
Expires: -1
Access-Control-Expose-Headers: Location
Location: http://localhost:3000/users/9
X-Content-Type-Options: nosniff
Content-Type: application/json; charset=utf-8
Content-Length: 77
ETag: W/"4d-h4mPn+ditSYJhSQpu5oPUDpTOdo"
Date: Wed, 18 Jan 2023 08:11:12 GMT
Connection: keep-alive
Keep-Alive: timeout=5

{
    "FirstName": "Allu",
    "LastName": "Arjun",
    "SubjectId": 6,
    "id": 9
}
]]></system-out>
  </testcase>
  <testcase name="test_put" classname="Pack1.Sample" time="2.085">
    <system-out><![CDATA[HTTP/1.1 200 OK
X-Powered-By: Express
Vary: Origin, Accept-Encoding
Access-Control-Allow-Credentials: true
Cache-Control: no-cache
Pragma: no-cache
Expires: -1
X-Content-Type-Options: nosniff
Content-Type: application/json; charset=utf-8
Content-Length: 78
ETag: W/"4e-hFDIFCX54vQ7+ochpt2acSgBKIM"
Date: Wed, 18 Jan 2023 08:11:14 GMT
Connection: keep-alive
Keep-Alive: timeout=5

{
    "FirstName": "Pavan",
    "LastName": "kumar",
    "SubjectId": 1,
    "id": 2
}
]]></system-out>
  </testcase>
</testsuite>