<?xml version="1.0" encoding="UTF-8"?>
<!-- Generated by org.testng.reporters.JUnitReportReporter -->
<testsuite hostname="PF1M4E6M" failures="0" tests="1" name="Sample" time="3.335" errors="0" timestamp="2023-01-16T13:50:43 IST" skipped="0">
  <testcase classname="Sample" name="test_delete" time="3.335"/>
  <system-out/>
</testsuite> <!-- Sample -->
