<?xml version="1.0" encoding="UTF-8"?>
<!-- Generated by org.testng.reporters.JUnitReportReporter -->
<testsuite hostname="PF1M4E6M" failures="0" tests="5" name="Pack1.Sample" time="12.006" errors="0" timestamp="2023-01-17T13:19:25 IST" skipped="0">
  <testcase classname="Pack1.Sample" name="test_post" time="2.104"/>
  <system-out/>
  <testcase classname="Pack1.Sample" name="test_get" time="2.145"/>
  <system-out/>
  <testcase classname="Pack1.Sample" name="test_patch" time="2.109"/>
  <system-out/>
  <testcase classname="Pack1.Sample" name="test_put" time="2.082"/>
  <system-out/>
  <testcase classname="Pack1.Sample" name="test_delete" time="3.566"/>
  <system-out/>
</testsuite> <!-- Pack1.Sample -->
