<?xml version="1.0" encoding="UTF-8"?>
<!-- Generated by org.testng.reporters.JUnitReportReporter -->
<testsuite hostname="PF1M4E6M" failures="0" tests="2" name="Test01_GET" time="2.512" errors="0" timestamp="2023-01-11T12:45:01 IST" skipped="0">
  <testcase classname="Test01_GET" name="test_01" time="1.744"/>
  <system-out/>
  <testcase classname="Test01_GET" name="test_02" time="0.768"/>
  <system-out/>
</testsuite> <!-- Test01_GET -->
