<?xml version="1.0" encoding="UTF-8"?>
<!-- Generated by org.testng.reporters.JUnitReportReporter -->
<testsuite hostname="PF1M4E6M" failures="0" tests="5" name="Pack1.Sample" time="11.970" errors="0" timestamp="2023-01-18T13:41:14 IST" skipped="0">
  <testcase classname="Pack1.Sample" name="test_post" time="2.107"/>
  <system-out/>
  <testcase classname="Pack1.Sample" name="test_put" time="2.057"/>
  <system-out/>
  <testcase classname="Pack1.Sample" name="test_delete" time="3.563"/>
  <system-out/>
  <testcase classname="Pack1.Sample" name="test_get" time="2.131"/>
  <system-out/>
  <testcase classname="Pack1.Sample" name="test_patch" time="2.112"/>
  <system-out/>
</testsuite> <!-- Pack1.Sample -->
